CUSTOMER.cid  CUSTOMER.gender  CUSTOMER.firstname  CUSTOMER.lastname  CUSTOMER.address  
2	0	ngurddmrtj	ruuytdexcd	bivlbzxbtqkiqixpwvhpsnbdxm	
4	1	agqcrwvsap	ydwfnqsssr	tkzsvagvuucxpmvfjhdlfavgdm	
6	0	rychnykhmr	hjeguqnzqb	nilfyelsnjtpizdjdptmavuhly	
19	0	ryyzgtphqp	egqadmftvt	mfutbpxepvzvszbibztneipoup	
19	0	yxceacyzkv	yqbueojcqj	ltzywfonqtdroctlezwzgmlmom	
19	0	ahqsmiealy	xxnjtqypdr	rfbamavoaomgovukjiwnuvtfip	
25	0	qqvyqcydob	mbtdmpsxej	fwxhpcdihvmkwumxvactdqlkie	
32	1	iurykxtizu	wktzmbmihd	eeeqcqcwgxiliuwibdmajqdmci	
32	0	youqxldlqj	iiwlexphqf	yapmymuivakayfikcttwtuajip	
34	1	solqbhqpvy	dvmexamoej	ywtgtepsjveigqxrsibzzbqzxi	
34	0	ukdlvpefmo	hbrpycasau	ycoskqjqclxbyeuljoqkyhkzlv	
34	1	pjumdsztjk	tuqzniuvcf	qajrlfzdfpsgurivjotlwuoefh	
35	1	icfzrqvbdg	ridmryamza	xpojilfiyzelhwlvekfupjsfmu	
52	0	ecrmyqmttb	rrqjlnwrrs	ovhcabofiqpfschhurrqykxbjl	
53	1	xqkhgoxgfz	kmoiremgmm	gainoiwhttcamcsibeubcdgfnw	
55	0	epoyxxiwdd	svmkkfizbc	gnbwexkutxzbikxvomdnqqjqgq	
59	0	vtmhklosoq	vorocazyht	zaxipztloeqbhyglykbjsacqug	
68	0	jbfacoprmf	equmlcfusj	vnkxxeftgmzaznbvpafweidvaj	
69	0	swgxyrpapm	eggxblbijo	ovujlkvgzzcjenleqfytukdtve	
72	0	auwxxckgij	dcjfutagnb	nbpogidgvuyyetkxvzmxtkadsd	
72	1	whnlrkcigf	kjakurdldg	lyzpxiiymyiykqbnhxbymlcspp	
77	0	lmcipygbrj	tujwnogjrl	grtkenytoexbxwjkitotihgpat	
83	0	yzbmsnvjos	metnlmzfdn	mbgyecklwhwgeomyrfbwyoodum	
87	1	vfnqmhnbin	asxfiubhaj	safforvfdqtmkzrqxovvrhubim	
92	0	ucabxthdkn	zzihdirqvo	tujyanlyajkyvydwxunumsiayc	
97	0	aaoqfnznye	pfropdvfum	xaxqhvvhszvyhopykgbmurhmot	
101	0	jctxgalygz	xlownejhil	otuymdzssleoplqyhrpspfumbk	
108	0	ztxysbkqbd	aecftxilgw	qulkkfqwiajrkjwexokypyfmet	
113	1	fxwmiazmxx	lcuurlrqkd	dssxjnkbdiyvtazgkkqrbbpkbz	
138	0	vjnukqpnlx	omxdptbenh	dndqjwvsxytfrzssjysaehaspt	
139	0	rvtsxwyggo	icubqvdaha	sowjcbfiaxvzdwqinzkplubwhk	
141	0	vlwqkffvby	plbzbcqwbp	bgpvjavnowjlribazwenvrrkyj	
155	0	jjwhibrbqu	wdbqqzacui	bdkyushbirowulwpquhuxeaxpv	
157	0	ywvqlgkklc	gibhvfddjt	ryqofrldfqgwqzthqzvwtncawo	
158	0	vhuzdkicaz	whzhkbyqpg	yqgnftvukixitkijbwoapoxysx	
161	0	rxoccnujbb	foikqripem	lrtykeombihiovviklnbqmdbyc	
162	1	eobcxjrcht	wndspvrtfw	xzparwczdxttrtmzybotgnnmyp	
164	1	rfuetmwhjs	ijeyirzggf	opslvvtarhukjhmugcloggdonk	
171	1	efafhfxrcd	fyhqnozeqc	lmqrlhczxmttfdgkrzdqodmnsk	
172	0	ovogceedhn	hyoxjnayql	bytodvnztaufaoylkxhjloiggd	
173	0	gccpuqthov	zkapjewfqi	hfjyncfzfexurhebolabopdtyo	
175	0	vjpjlpbhak	lxlpmqbuau	ywaehckfthopdogdyypxdoxopr	
178	0	aqvlqvquzy	yfacnygagb	otyuujvifsjiigngfmhxovrdfr	
182	0	daxjdpcmne	tujhzrnwjr	vegmznbrjuaaancrjkguobvjju	
185	0	pjoadybayi	vjykqdotwv	yanzheopztupdbutnyguhkkjge	
187	0	ateuxfcvjq	htaihikvwc	wxueqnozvbbqbkhstmonoijkgj	
189	0	trplcjosov	osmlfmzqrm	xayxltelapfqgkkolojwgncepv	
190	0	slahhqdyof	pgzktyjogs	lisghilxnlbcneyomzjjhomvfi	
191	1	ukcozuvzje	klypuochyj	vxtfdmzzobtkdbdarhhjjuzkgm	
197	0	ixsjddiobf	jehxmhbepx	opzfdztjpvimeipdkwiuukfsup	
